2022-04-24T17:40:13.319+0800	debug	web_app/main.go:39	logger init setting success.....
2022-04-24T17:40:34.323+0800	error	mysql/mysql.go:31	connect db failed, err: %v
	{"error": "dial tcp 82.157.191.65:3360: connectex: A connection attempt failed because the connected party did not properly respond after a period of time, or established connection failed because connected host has failed to respond."}
2022-04-24T17:40:34.323+0800	debug	web_app/main.go:47	mysql init setting success.....
2022-04-24T17:40:34.512+0800	debug	web_app/main.go:55	redis init setting success.....
2022-04-24T17:41:57.347+0800	info	web_app/main.go:78	shutdown ....
2022-04-24T17:41:57.349+0800	info	web_app/main.go:85	server exiting
2022-04-24T17:41:58.995+0800	debug	web_app/main.go:39	logger init setting success.....
2022-04-24T17:41:59.234+0800	debug	web_app/main.go:47	mysql init setting success.....
2022-04-24T17:41:59.356+0800	debug	web_app/main.go:55	redis init setting success.....
2022-04-24T17:42:37.752+0800	info	logger/logger.go:94	/	{"status": 200, "method": "GET", "path": "/", "query": "", "ip": "::1", "user-agent": "Mozilla/5.0 (Windows NT 10.0; Win64; x64) AppleWebKit/537.36 (KHTML, like Gecko) Chrome/100.0.4896.127 Safari/537.36", "errors": "", "cost": 0}
2022-04-24T17:42:38.658+0800	info	logger/logger.go:94	/favicon.ico	{"status": 404, "method": "GET", "path": "/favicon.ico", "query": "", "ip": "::1", "user-agent": "Mozilla/5.0 (Windows NT 10.0; Win64; x64) AppleWebKit/537.36 (KHTML, like Gecko) Chrome/100.0.4896.127 Safari/537.36", "errors": "", "cost": 0}
2022-04-24T19:26:47.748+0800	info	logger/logger.go:94	/	{"status": 200, "method": "GET", "path": "/", "query": "", "ip": "::1", "user-agent": "Mozilla/5.0 (Windows NT 10.0; Win64; x64) AppleWebKit/537.36 (KHTML, like Gecko) Chrome/100.0.4896.127 Safari/537.36", "errors": "", "cost": 0.0021353}
2022-04-24T19:26:48.951+0800	info	logger/logger.go:94	/	{"status": 200, "method": "GET", "path": "/", "query": "", "ip": "::1", "user-agent": "Mozilla/5.0 (Windows NT 10.0; Win64; x64) AppleWebKit/537.36 (KHTML, like Gecko) Chrome/100.0.4896.127 Safari/537.36", "errors": "", "cost": 0}
2022-04-24T20:12:41.399+0800	info	web_app/main.go:78	shutdown ....
2022-04-24T20:12:41.401+0800	info	web_app/main.go:85	server exiting
2022-04-24T20:12:53.185+0800	debug	web_app/main.go:39	logger init setting success.....
2022-04-24T20:12:53.470+0800	debug	web_app/main.go:47	mysql init setting success.....
2022-04-24T20:12:53.639+0800	debug	web_app/main.go:55	redis init setting success.....
2022-04-24T20:14:45.222+0800	info	web_app/main.go:78	shutdown ....
2022-04-24T20:14:45.223+0800	info	web_app/main.go:85	server exiting
2022-04-24T20:14:48.185+0800	debug	web_app/main.go:39	logger init setting success.....
2022-04-24T20:14:48.464+0800	debug	web_app/main.go:47	mysql init setting success.....
2022-04-24T20:14:48.623+0800	debug	web_app/main.go:55	redis init setting success.....
2022-04-24T20:15:46.810+0800	info	settings/settings.go:66	配置文件修改了
2022-04-24T20:15:46.811+0800	info	settings/settings.go:66	配置文件修改了
2022-04-24T20:15:58.569+0800	info	settings/settings.go:66	配置文件修改了
2022-04-24T20:15:58.570+0800	info	settings/settings.go:66	配置文件修改了
2022-04-24T20:28:29.307+0800	info	web_app/main.go:78	shutdown ....
2022-04-24T20:28:29.309+0800	info	web_app/main.go:85	server exiting
2022-04-24T20:39:12.168+0800	debug	web_app/main.go:42	logger init setting success.....
2022-04-24T20:39:12.388+0800	error	mysql/mysql.go:31	connect db failed, err: %v
	{"error": "Error 1049: Unknown database '%!s(int=0)'"}
2022-04-24T20:39:12.388+0800	debug	web_app/main.go:50	mysql init setting success.....
2022-04-24T20:39:12.397+0800	debug	web_app/main.go:58	redis init setting success.....
2022-04-24T20:40:47.193+0800	info	web_app/main.go:81	shutdown ....
2022-04-24T20:40:47.195+0800	info	web_app/main.go:88	server exiting
2022-04-24T20:40:50.021+0800	debug	web_app/main.go:38	logger init setting success.....
2022-04-24T20:40:50.171+0800	error	mysql/mysql.go:31	connect db failed, err: %v
	{"error": "Error 1049: Unknown database '%!s(int=0)'"}
2022-04-24T20:40:50.171+0800	debug	web_app/main.go:46	mysql init setting success.....
2022-04-24T20:40:50.176+0800	debug	web_app/main.go:54	redis init setting success.....
2022-04-24T20:41:15.824+0800	info	settings/settings.go:66	配置文件修改了
2022-04-24T20:41:15.824+0800	info	settings/settings.go:66	配置文件修改了
